<?xml version="1.0" encoding="UTF-8"?>
<testsuite xmlns:xsi="http://www.w3.org/2001/XMLSchema-instance" xsi:noNamespaceSchemaLocation="https://maven.apache.org/surefire/maven-surefire-plugin/xsd/surefire-test-report.xsd" name="testet.test.AppTest" time="0.021" tests="1" errors="0" skipped="0" failures="0">
  <properties>
    <property name="user.variant" value=""/>
    <property name="java.vm.info" value="mixed mode"/>
    <property name="file.encoding.pkg" value="sun.io"/>
    <property name="file.encoding" value="Cp1252"/>
    <property name="java.specification.name" value="Java Platform API Specification"/>
    <property name="sun.os.patch.level" value="Service Pack 1"/>
    <property name="user.dir" value="C:\Users\DB79904\git\image-tests\JPEG-Image"/>
    <property name="line.separator" value="&#10;"/>
    <property name="java.home" value="C:\jdk1.7.0\jre"/>
    <property name="user.name" value="db79904"/>
    <property name="sun.boot.library.path" value="C:\jdk1.7.0\jre\bin"/>
    <property name="user.home" value="C:\Users\DB79904"/>
    <property name="localRepository" value="C:\Users\DB79904\.m2\repository"/>
    <property name="sun.java.launcher" value="SUN_STANDARD"/>
    <property name="java.class.version" value="51.0"/>
    <property name="user.language" value="pt"/>
    <property name="java.vendor.url.bug" value="http://bugreport.sun.com/bugreport/"/>
    <property name="sun.jnu.encoding" value="Cp1252"/>
    <property name="java.io.tmpdir" value="C:\Users\DB79904\AppData\Local\Temp\"/>
    <property name="java.specification.vendor" value="Oracle Corporation"/>
    <property name="file.separator" value="\"/>
    <property name="java.class.path" value="C:\Users\DB79904\git\image-tests\JPEG-Image\target\test-classes;C:\Users\DB79904\git\image-tests\JPEG-Image\target\classes;C:\Users\DB79904\.m2\repository\junit\junit\4.11\junit-4.11.jar;C:\Users\DB79904\.m2\repository\org\hamcrest\hamcrest-core\1.3\hamcrest-core-1.3.jar;C:\Users\DB79904\.m2\repository\com\twelvemonkeys\imageio\imageio-jpeg\3.4.1\imageio-jpeg-3.4.1.jar;C:\Users\DB79904\.m2\repository\com\twelvemonkeys\imageio\imageio-core\3.4.1\imageio-core-3.4.1.jar;C:\Users\DB79904\.m2\repository\com\twelvemonkeys\imageio\imageio-metadata\3.4.1\imageio-metadata-3.4.1.jar;C:\Users\DB79904\.m2\repository\com\twelvemonkeys\common\common-lang\3.4.1\common-lang-3.4.1.jar;C:\Users\DB79904\.m2\repository\com\twelvemonkeys\common\common-io\3.4.1\common-io-3.4.1.jar;C:\Users\DB79904\.m2\repository\com\twelvemonkeys\common\common-image\3.4.1\common-image-3.4.1.jar;C:\Users\DB79904\.m2\repository\com\drewnoakes\metadata-extractor\2.11.0\metadata-extractor-2.11.0.jar;C:\Users\DB79904\.m2\repository\com\adobe\xmp\xmpcore\5.1.3\xmpcore-5.1.3.jar;"/>
    <property name="java.vm.vendor" value="Oracle Corporation"/>
    <property name="sun.cpu.endian" value="little"/>
    <property name="java.vm.specification.vendor" value="Oracle Corporation"/>
    <property name="java.specification.version" value="1.7"/>
    <property name="user.script" value=""/>
    <property name="awt.toolkit" value="sun.awt.windows.WToolkit"/>
    <property name="sun.java.command" value="C:\Users\DB79904\AppData\Local\Temp\surefire2363980089168161353\surefirebooter7819654630797753131.jar C:\Users\DB79904\AppData\Local\Temp\surefire2363980089168161353 2019-05-17T16-14-06_065-jvmRun1 surefire4947063584446134042tmp surefire_0455990681158507948tmp"/>
    <property name="user.timezone" value="America/Sao_Paulo"/>
    <property name="surefire.test.class.path" value="C:\Users\DB79904\git\image-tests\JPEG-Image\target\test-classes;C:\Users\DB79904\git\image-tests\JPEG-Image\target\classes;C:\Users\DB79904\.m2\repository\junit\junit\4.11\junit-4.11.jar;C:\Users\DB79904\.m2\repository\org\hamcrest\hamcrest-core\1.3\hamcrest-core-1.3.jar;C:\Users\DB79904\.m2\repository\com\twelvemonkeys\imageio\imageio-jpeg\3.4.1\imageio-jpeg-3.4.1.jar;C:\Users\DB79904\.m2\repository\com\twelvemonkeys\imageio\imageio-core\3.4.1\imageio-core-3.4.1.jar;C:\Users\DB79904\.m2\repository\com\twelvemonkeys\imageio\imageio-metadata\3.4.1\imageio-metadata-3.4.1.jar;C:\Users\DB79904\.m2\repository\com\twelvemonkeys\common\common-lang\3.4.1\common-lang-3.4.1.jar;C:\Users\DB79904\.m2\repository\com\twelvemonkeys\common\common-io\3.4.1\common-io-3.4.1.jar;C:\Users\DB79904\.m2\repository\com\twelvemonkeys\common\common-image\3.4.1\common-image-3.4.1.jar;C:\Users\DB79904\.m2\repository\com\drewnoakes\metadata-extractor\2.11.0\metadata-extractor-2.11.0.jar;C:\Users\DB79904\.m2\repository\com\adobe\xmp\xmpcore\5.1.3\xmpcore-5.1.3.jar;"/>
    <property name="java.runtime.version" value="1.7.0_80-b15"/>
    <property name="java.vendor" value="Oracle Corporation"/>
    <property name="sun.management.compiler" value="HotSpot 64-Bit Tiered Compilers"/>
    <property name="sun.arch.data.model" value="64"/>
    <property name="os.arch" value="amd64"/>
    <property name="sun.io.unicode.encoding" value="UnicodeLittle"/>
    <property name="java.awt.printerjob" value="sun.awt.windows.WPrinterJob"/>
    <property name="path.separator" value=";"/>
    <property name="java.runtime.name" value="Java(TM) SE Runtime Environment"/>
    <property name="java.vendor.url" value="http://java.oracle.com/"/>
    <property name="sun.boot.class.path" value="C:\jdk1.7.0\jre\lib\resources.jar;C:\jdk1.7.0\jre\lib\rt.jar;C:\jdk1.7.0\jre\lib\sunrsasign.jar;C:\jdk1.7.0\jre\lib\jsse.jar;C:\jdk1.7.0\jre\lib\jce.jar;C:\jdk1.7.0\jre\lib\charsets.jar;C:\jdk1.7.0\jre\lib\jfr.jar;C:\jdk1.7.0\jre\classes"/>
    <property name="surefire.real.class.path" value="C:\Users\DB79904\AppData\Local\Temp\surefire2363980089168161353\surefirebooter7819654630797753131.jar"/>
    <property name="java.endorsed.dirs" value="C:\jdk1.7.0\jre\lib\endorsed"/>
    <property name="sun.desktop" value="windows"/>
    <property name="java.vm.version" value="24.80-b11"/>
    <property name="os.name" value="Windows 7"/>
    <property name="java.vm.specification.version" value="1.7"/>
    <property name="sun.cpu.isalist" value="amd64"/>
    <property name="java.version" value="1.7.0_80"/>
    <property name="java.vm.specification.name" value="Java Virtual Machine Specification"/>
    <property name="java.ext.dirs" value="C:\jdk1.7.0\jre\lib\ext;C:\Windows\Sun\Java\lib\ext"/>
    <property name="os.version" value="6.1"/>
    <property name="basedir" value="C:\Users\DB79904\git\image-tests\JPEG-Image"/>
    <property name="java.library.path" value="C:\jdk1.7.0\jre\bin;C:\Windows\Sun\Java\bin;C:\Windows\system32;C:\Windows;C:/jdk1.8.0/bin/../jre/bin/server;C:/jdk1.8.0/bin/../jre/bin;C:/jdk1.8.0/bin/../jre/lib/amd64;C:\jdk1.8.0\bin;%USERPROFILE%\AppData\Local\Atlassian\SourceTree\git_local\bin;C:\apache-maven-3.1.1\bin;C:\oracle\product\11.2.0\client_1\bin;C:\ProgramData\Oracle\Java\javapath;C:\Program Files (x86)\Intel\iCLS Client\;C:\Program Files\Intel\iCLS Client\;C:\oracle\product\11.2.0\client_1\bin;C:\Windows\system32;C:\Windows;C:\Windows\System32\Wbem;C:\Windows\System32\WindowsPowerShell\v1.0\;C:\Program Files (x86)\Intel\OpenCL SDK\2.0\bin\x86;C:\Program Files (x86)\Intel\OpenCL SDK\2.0\bin\x64;C:\Program Files (x86)\Intel\UCRT\;C:\Program Files\Intel\UCRT\;C:\Program Files (x86)\Intel\Intel(R) Management Engine Components\DAL;C:\Program Files\Intel\Intel(R) Management Engine Components\DAL;C:\Program Files (x86)\Intel\Intel(R) Management Engine Components\IPT;C:\Program Files\Intel\Intel(R) Management Engine Components\IPT;C:\Program Files\SourceGear\Common\DiffMerge\;C:\Windows\System32\WindowsPowerShell\v1.0\;C:\eclipse4.4;;."/>
    <property name="java.awt.graphicsenv" value="sun.awt.Win32GraphicsEnvironment"/>
    <property name="java.vm.name" value="Java HotSpot(TM) 64-Bit Server VM"/>
    <property name="user.country" value="BR"/>
  </properties>
  <testcase name="shouldAnswerWithTrue" classname="testet.test.AppTest" time="0.001"/>
</testsuite>